<?xml version="1.0" encoding="utf-8" standalone="no"?>
<test-run id="2" testcasecount="1" result="Failed" label="Error" total="1" passed="0" failed="1" inconclusive="0" skipped="0" asserts="0" engine-version="3.6.0.0" clr-version="4.0.30319.42000" start-time="2017-02-10 14:26:12Z" end-time="2017-02-10 14:26:13Z" duration="1.037146">
  <command-line><![CDATA[c:\Users\mukesh\.nuget\packages\NUnit.ConsoleRunner\3.6.0\tools\nunit3-console.exe  ht_test.dll --test:login_invalid]]></command-line>
  <filter>
    <test>login_invalid</test>
  </filter>
  <test-suite type="Assembly" id="0" name="" fullname="" runstate="NotRunnable" testcasecount="1" result="Failed" label="Error" start-time="2017-02-10 14:26:13Z" end-time="2017-02-10 14:26:13Z" duration="0.001" total="1" passed="0" failed="1" inconclusive="0" skipped="0" asserts="0">
    <failure>
      <message><![CDATA[Could not load file or assembly 'nunit.framework' or one of its dependencies. The system cannot find the file specified.]]></message>
      <stack-trace><![CDATA[
Server stack trace: 
   at System.Reflection.RuntimeAssembly._nLoad(AssemblyName fileName, String codeBase, Evidence assemblySecurity, RuntimeAssembly locationHint, StackCrawlMark& stackMark, IntPtr pPrivHostBinder, Boolean throwOnFileNotFound, Boolean forIntrospection, Boolean suppressSecurityChecks)
   at System.Reflection.RuntimeAssembly.InternalLoadAssemblyName(AssemblyName assemblyRef, Evidence assemblySecurity, RuntimeAssembly reqAssembly, StackCrawlMark& stackMark, IntPtr pPrivHostBinder, Boolean throwOnFileNotFound, Boolean forIntrospection, Boolean suppressSecurityChecks)
   at System.Activator.CreateInstance(String assemblyString, String typeName, Boolean ignoreCase, BindingFlags bindingAttr, Binder binder, Object[] args, CultureInfo culture, Object[] activationAttributes, Evidence securityInfo, StackCrawlMark& stackMark)
   at System.Activator.CreateInstance(String assemblyName, String typeName, Boolean ignoreCase, BindingFlags bindingAttr, Binder binder, Object[] args, CultureInfo culture, Object[] activationAttributes, Evidence securityInfo)
   at System.AppDomain.CreateInstance(String assemblyName, String typeName, Boolean ignoreCase, BindingFlags bindingAttr, Binder binder, Object[] args, CultureInfo culture, Object[] activationAttributes, Evidence securityAttributes)
   at System.AppDomain.CreateInstanceAndUnwrap(String assemblyName, String typeName, Boolean ignoreCase, BindingFlags bindingAttr, Binder binder, Object[] args, CultureInfo culture, Object[] activationAttributes, Evidence securityAttributes)
   at System.AppDomain.CreateInstanceAndUnwrap(String assemblyName, String typeName, Boolean ignoreCase, BindingFlags bindingAttr, Binder binder, Object[] args, CultureInfo culture, Object[] activationAttributes, Evidence securityAttributes)
   at NUnit.Engine.Drivers.NUnit3FrameworkDriver.Load(String testAssemblyPath, IDictionary`2 settings)
   at NUnit.Engine.Runners.DirectTestRunner.LoadPackage()
   at NUnit.Engine.Runners.DirectTestRunner.EnsurePackageIsLoaded()
   at NUnit.Engine.Runners.DirectTestRunner.RunTests(ITestEventListener listener, TestFilter filter)
   at System.Runtime.Remoting.Messaging.StackBuilderSink._PrivateProcessMessage(IntPtr md, Object[] args, Object server, Object[]& outArgs)
   at System.Runtime.Remoting.Messaging.StackBuilderSink.SyncProcessMessage(IMessage msg)

Exception rethrown at [0]: 
   at System.Runtime.Remoting.Proxies.RealProxy.HandleReturnMessage(IMessage reqMsg, IMessage retMsg)
   at System.Runtime.Remoting.Proxies.RealProxy.PrivateInvoke(MessageData& msgData, Int32 type)
   at NUnit.Engine.ITestEngineRunner.Run(ITestEventListener listener, TestFilter filter)
   at NUnit.Engine.Runners.ProcessRunner.RunTests(ITestEventListener listener, TestFilter filter)]]></stack-trace>
    </failure>
  </test-suite>
</test-run>